hiTogether/build/outputs/logs/manifest-merger-debug-report.txt
-- Merging decision tree log ---
manifest
ADDED from src\main\AndroidManifest.xml:2:1-328:12
	package
		ADDED from src\main\AndroidManifest.xml:3:5-33
		INJECTED from src\main\AndroidManifest.xml
		INJECTED from src\main\AndroidManifest.xml
	android:versionName
		ADDED from src\main\AndroidManifest.xml:5:5-30
		INJECTED from src\main\AndroidManifest.xml
		INJECTED from src\main\AndroidManifest.xml
	android:versionCode
		ADDED from src\main\AndroidManifest.xml:4:5-28
		INJECTED from src\main\AndroidManifest.xml
		INJECTED from src\main\AndroidManifest.xml
	xmlns:android
		ADDED from src\main\AndroidManifest.xml:2:11-69
uses-sdk
ADDED from src\main\AndroidManifest.xml:7:5-9:41
MERGED from [HiTogether:base_library_pullToRefresh_chenyoca:unspecified] AndroidManifest.xml:7:5-9:41
MERGED from [HiTogether:IMKit:unspecified] AndroidManifest.xml:7:5-9:41
MERGED from [com.android.support:support-v4:23.1.1] AndroidManifest.xml:20:5-43
MERGED from [HiTogether:socialization:unspecified] AndroidManifest.xml:7:5-9:41
MERGED from [com.android.support:recyclerview-v7:23.1.1] AndroidManifest.xml:20:5-43
MERGED from [com.android.support:support-v4:23.1.1] AndroidManifest.xml:20:5-43
MERGED from [com.android.support:cardview-v7:23.0.1] AndroidManifest.xml:20:5-43
MERGED from [com.bartoszlipinski.recyclerviewheader:library:1.2.0] AndroidManifest.xml:7:5-9:41
MERGED from [com.android.support:recyclerview-v7:23.1.1] AndroidManifest.xml:20:5-43
MERGED from [com.android.support:support-v4:23.1.1] AndroidManifest.xml:20:5-43
	android:targetSdkVersion
		ADDED from src\main\AndroidManifest.xml:9:9-38
		INJECTED from src\main\AndroidManifest.xml
		INJECTED from src\main\AndroidManifest.xml
	android:minSdkVersion
		ADDED from src\main\AndroidManifest.xml:8:9-35
		INJECTED from src\main\AndroidManifest.xml
		INJECTED from src\main\AndroidManifest.xml
uses-permission#android.permission.CHANGE_WIFI_STATE
ADDED from src\main\AndroidManifest.xml:11:5-76
	android:name
		ADDED from src\main\AndroidManifest.xml:11:22-73
uses-permission#android.permission.CHANGE_NETWORK_STATE
ADDED from src\main\AndroidManifest.xml:12:5-79
	android:name
		ADDED from src\main\AndroidManifest.xml:12:22-76
uses-permission#android.permission.CALL_PHONE
ADDED from src\main\AndroidManifest.xml:13:5-69
	android:name
		ADDED from src\main\AndroidManifest.xml:13:22-66
permission#cn.bmob.permission.push
ADDED from src\main\AndroidManifest.xml:15:5-17:55
	android:protectionLevel
		ADDED from src\main\AndroidManifest.xml:17:9-41
	android:name
		ADDED from src\main\AndroidManifest.xml:16:9-47
uses-permission#android.permission.MANAGE_ACCOUNTS
ADDED from src\main\AndroidManifest.xml:19:5-74
	android:name
		ADDED from src\main\AndroidManifest.xml:19:22-71
uses-permission#android.permission.GET_ACCOUNTS
ADDED from src\main\AndroidManifest.xml:20:5-71
	android:name
		ADDED from src\main\AndroidManifest.xml:20:22-68
uses-permission#android.permission.BLUETOOTH
ADDED from src\main\AndroidManifest.xml:21:5-68
	android:name
		ADDED from src\main\AndroidManifest.xml:21:22-65
uses-permission#android.permission.BLUETOOTH_ADMIN
ADDED from src\main\AndroidManifest.xml:22:5-74
	android:name
		ADDED from src\main\AndroidManifest.xml:22:22-71
uses-permission#android.permission.READ_CONTACTS
ADDED from src\main\AndroidManifest.xml:25:5-72
	android:name
		ADDED from src\main\AndroidManifest.xml:25:22-69
uses-permission#android.permission.ACCESS_FINE_LOCATION
ADDED from src\main\AndroidManifest.xml:26:5-79
	android:name
		ADDED from src\main\AndroidManifest.xml:26:22-76
uses-permission#android.permission.RECEIVE_BOOT_COMPLETED
ADDED from src\main\AndroidManifest.xml:27:5-81
	android:name
		ADDED from src\main\AndroidManifest.xml:27:22-78
uses-permission#cn.bmob.permission.push
ADDED from src\main\AndroidManifest.xml:28:5-63
	android:name
		ADDED from src\main\AndroidManifest.xml:28:22-60
uses-permission#android.permission.READ_EXTERNAL_STORAGE
ADDED from src\main\AndroidManifest.xml:29:5-80
	android:name
		ADDED from src\main\AndroidManifest.xml:29:22-77
uses-permission#android.permission.WRITE_EXTERNAL_STORAGE
ADDED from src\main\AndroidManifest.xml:30:5-81
	android:name
		ADDED from src\main\AndroidManifest.xml:30:22-78
uses-permission#android.permission.INTERNET
ADDED from src\main\AndroidManifest.xml:31:5-67
	android:name
		ADDED from src\main\AndroidManifest.xml:31:22-64
uses-permission#android.permission.ACCESS_COARSE_LOCATION
ADDED from src\main\AndroidManifest.xml:32:5-81
	android:name
		ADDED from src\main\AndroidManifest.xml:32:22-78
uses-permission#android.permission.READ_PHONE_STATE
ADDED from src\main\AndroidManifest.xml:34:5-75
	android:name
		ADDED from src\main\AndroidManifest.xml:34:22-72
uses-permission#android.permission.GET_TASKS
ADDED from src\main\AndroidManifest.xml:35:5-68
	android:name
		ADDED from src\main\AndroidManifest.xml:35:22-65
uses-permission#android.permission.INTERACT_ACROSS_USERS_FULL
ADDED from src\main\AndroidManifest.xml:36:5-85
	android:name
		ADDED from src\main\AndroidManifest.xml:36:22-82
uses-permission#android.permission.ACCESS_WIFI_STATE
ADDED from src\main\AndroidManifest.xml:39:5-76
	android:name
		ADDED from src\main\AndroidManifest.xml:39:22-73
uses-permission#android.permission.ACCESS_NETWORK_STATE
ADDED from src\main\AndroidManifest.xml:41:5-79
	android:name
		ADDED from src\main\AndroidManifest.xml:41:22-76
uses-permission#android.permission.CAMERA
ADDED from src\main\AndroidManifest.xml:42:5-65
	android:name
		ADDED from src\main\AndroidManifest.xml:42:22-62
uses-permission#android.permission.RECORD_AUDIO
ADDED from src\main\AndroidManifest.xml:44:5-71
	android:name
		ADDED from src\main\AndroidManifest.xml:44:22-68
uses-permission#android.permission.VIBRATE
ADDED from src\main\AndroidManifest.xml:46:5-66
	android:name
		ADDED from src\main\AndroidManifest.xml:46:22-63
uses-permission#android.permission.WAKE_LOCK
ADDED from src\main\AndroidManifest.xml:48:5-68
	android:name
		ADDED from src\main\AndroidManifest.xml:48:22-65
uses-permission#android.permission.WRITE_SETTINGS
ADDED from src\main\AndroidManifest.xml:49:5-73
	android:name
		ADDED from src\main\AndroidManifest.xml:49:22-70
uses-permission#android.permission.MODIFY_AUDIO_SETTINGS
ADDED from src\main\AndroidManifest.xml:50:5-80
	android:name
		ADDED from src\main\AndroidManifest.xml:50:22-77
application
ADDED from src\main\AndroidManifest.xml:52:5-326:19
MERGED from [HiTogether:base_library_pullToRefresh_chenyoca:unspecified] AndroidManifest.xml:11:5-20
MERGED from [HiTogether:IMKit:unspecified] AndroidManifest.xml:11:5-12:19
MERGED from [com.android.support:support-v4:23.1.1] AndroidManifest.xml:22:5-20
MERGED from [HiTogether:socialization:unspecified] AndroidManifest.xml:18:5-20:37
MERGED from [com.android.support:support-v4:23.1.1] AndroidManifest.xml:22:5-20
MERGED from [com.android.support:cardview-v7:23.0.1] AndroidManifest.xml:22:5-20
MERGED from [com.android.support:support-v4:23.1.1] AndroidManifest.xml:22:5-20
	android:label
		ADDED from src\main\AndroidManifest.xml:57:9-41
	android:allowClearUserData
		ADDED from src\main\AndroidManifest.xml:55:9-43
	android:debuggable
		ADDED from [HiTogether:socialization:unspecified] AndroidManifest.xml:20:9-34
	android:allowBackup
		ADDED from src\main\AndroidManifest.xml:54:9-35
	android:icon
		ADDED from src\main\AndroidManifest.xml:56:9-38
	android:theme
		ADDED from src\main\AndroidManifest.xml:58:9-40
	android:name
		ADDED from src\main\AndroidManifest.xml:53:9-53
activity#com.lyy.hitogether.activity.Initialize
ADDED from src\main\AndroidManifest.xml:59:9-65:20
	android:name
		ADDED from src\main\AndroidManifest.xml:59:19-72
intent-filter#android.intent.action.MAIN+android.intent.category.LAUNCHER
ADDED from src\main\AndroidManifest.xml:60:13-64:29
action#android.intent.action.MAIN
ADDED from src\main\AndroidManifest.xml:61:17-69
	android:name
		ADDED from src\main\AndroidManifest.xml:61:25-66
category#android.intent.category.LAUNCHER
ADDED from src\main\AndroidManifest.xml:63:17-77
	android:name
		ADDED from src\main\AndroidManifest.xml:63:27-74
activity#com.lyy.hitogether.activity.MainActivity
ADDED from src\main\AndroidManifest.xml:66:9-86
	android:name
		ADDED from src\main\AndroidManifest.xml:66:19-74
activity#com.lyy.hitogether.activity.LoginActivity
ADDED from src\main\AndroidManifest.xml:67:9-69:61
	android:screenOrientation
		ADDED from src\main\AndroidManifest.xml:69:13-49
	android:name
		ADDED from src\main\AndroidManifest.xml:68:13-69
activity#com.lyy.hitogether.test.TestActivity
ADDED from src\main\AndroidManifest.xml:70:9-72:61
	android:screenOrientation
		ADDED from src\main\AndroidManifest.xml:72:13-49
	android:name
		ADDED from src\main\AndroidManifest.xml:71:13-64
activity#com.lyy.hitogether.activity.ShareMyTravalActivity
ADDED from src\main\AndroidManifest.xml:73:9-75:61
	android:screenOrientation
		ADDED from src\main\AndroidManifest.xml:75:13-49
	android:name
		ADDED from src\main\AndroidManifest.xml:74:13-77
activity#com.lyy.hitogether.activity.MyAlbumActivity
ADDED from src\main\AndroidManifest.xml:76:9-78:61
	android:screenOrientation
		ADDED from src\main\AndroidManifest.xml:78:13-49
	android:name
		ADDED from src\main\AndroidManifest.xml:77:13-71
activity#com.lyy.hitogether.activity.ShowSceneDetailsActivity
ADDED from src\main\AndroidManifest.xml:79:9-81:61
	android:screenOrientation
		ADDED from src\main\AndroidManifest.xml:81:13-49
	android:name
		ADDED from src\main\AndroidManifest.xml:80:13-80
activity#com.lyy.hitogether.activity.MyServiceActivity
ADDED from src\main\AndroidManifest.xml:82:9-84:61
	android:screenOrientation
		ADDED from src\main\AndroidManifest.xml:84:13-49
	android:name
		ADDED from src\main\AndroidManifest.xml:83:13-73
activity#com.lyy.hitogether.activity.RegisterActivitySetPwd
ADDED from src\main\AndroidManifest.xml:85:9-87:61
	android:screenOrientation
		ADDED from src\main\AndroidManifest.xml:87:13-49
	android:name
		ADDED from src\main\AndroidManifest.xml:86:13-78
activity#com.lyy.hitogether.activity.ShowGuideDetailActivity
ADDED from src\main\AndroidManifest.xml:88:9-90:61
	android:screenOrientation
		ADDED from src\main\AndroidManifest.xml:90:13-49
	android:name
		ADDED from src\main\AndroidManifest.xml:89:13-79
activity#io.rong.voipkit.activity.CallSideActivity
ADDED from src\main\AndroidManifest.xml:97:9-110:20
	android:screenOrientation
		ADDED from src\main\AndroidManifest.xml:99:13-49
	android:name
		ADDED from src\main\AndroidManifest.xml:98:13-69
intent-filter#android.intent.action.VIEW+android.intent.category.DEFAULT
ADDED from src\main\AndroidManifest.xml:100:13-109:29
action#android.intent.action.VIEW
ADDED from src\main\AndroidManifest.xml:101:17-69
	android:name
		ADDED from src\main\AndroidManifest.xml:101:25-66
category#android.intent.category.DEFAULT
ADDED from src\main\AndroidManifest.xml:103:17-76
	android:name
		ADDED from src\main\AndroidManifest.xml:103:27-73
data
ADDED from src\main\AndroidManifest.xml:105:17-108:45
	android:host
		ADDED from src\main\AndroidManifest.xml:106:21-54
	android:scheme
		ADDED from src\main\AndroidManifest.xml:108:21-42
	android:pathPrefix
		ADDED from src\main\AndroidManifest.xml:107:21-51
activity#io.rong.voipkit.activity.CalledSideActivity
ADDED from src\main\AndroidManifest.xml:111:9-125:20
	android:screenOrientation
		ADDED from src\main\AndroidManifest.xml:114:13-49
	android:excludeFromRecents
		ADDED from src\main\AndroidManifest.xml:113:13-46
	android:name
		ADDED from src\main\AndroidManifest.xml:112:13-71
service#io.rong.push.PushService
ADDED from src\main\AndroidManifest.xml:127:9-135:19
	android:process
		ADDED from src\main\AndroidManifest.xml:129:13-43
	android:name
		ADDED from src\main\AndroidManifest.xml:128:13-52
intent-filter#android.intent.category.DEFAULT+io.rong.push
ADDED from src\main\AndroidManifest.xml:130:13-134:29
action#io.rong.push
ADDED from src\main\AndroidManifest.xml:133:17-55
	android:name
		ADDED from src\main\AndroidManifest.xml:133:25-52
service#io.rong.push.CommandService
ADDED from src\main\AndroidManifest.xml:136:9-144:19
	android:process
		ADDED from src\main\AndroidManifest.xml:138:13-43
	android:name
		ADDED from src\main\AndroidManifest.xml:137:13-55
intent-filter#android.intent.category.DEFAULT+io.rong.command
ADDED from src\main\AndroidManifest.xml:139:13-143:29
action#io.rong.command
ADDED from src\main\AndroidManifest.xml:142:17-58
	android:name
		ADDED from src\main\AndroidManifest.xml:142:25-55
receiver#io.rong.push.PushReceiver
ADDED from src\main\AndroidManifest.xml:146:9-168:20
	android:process
		ADDED from src\main\AndroidManifest.xml:148:13-43
	android:name
		ADDED from src\main\AndroidManifest.xml:147:13-53
intent-filter#io.rong.imlib.action.push.heartbeat
ADDED from src\main\AndroidManifest.xml:149:13-151:29
action#io.rong.imlib.action.push.heartbeat
ADDED from src\main\AndroidManifest.xml:150:17-78
	android:name
		ADDED from src\main\AndroidManifest.xml:150:25-75
intent-filter#android.net.conn.CONNECTIVITY_CHANGE
ADDED from src\main\AndroidManifest.xml:152:13-154:29
action#android.net.conn.CONNECTIVITY_CHANGE
ADDED from src\main\AndroidManifest.xml:153:17-79
	android:name
		ADDED from src\main\AndroidManifest.xml:153:25-76
intent-filter#android.intent.action.BOOT_COMPLETED
ADDED from src\main\AndroidManifest.xml:155:13-157:29
action#android.intent.action.BOOT_COMPLETED
ADDED from src\main\AndroidManifest.xml:156:17-79
	android:name
		ADDED from src\main\AndroidManifest.xml:156:25-76
intent-filter#android.intent.action.ACTION_POWER_CONNECTED+android.intent.action.ACTION_POWER_DISCONNECTED+android.intent.action.USER_PRESENT
ADDED from src\main\AndroidManifest.xml:158:13-162:29
action#android.intent.action.USER_PRESENT
ADDED from src\main\AndroidManifest.xml:159:17-77
	android:name
		ADDED from src\main\AndroidManifest.xml:159:25-74
action#android.intent.action.ACTION_POWER_CONNECTED
ADDED from src\main\AndroidManifest.xml:160:17-87
	android:name
		ADDED from src\main\AndroidManifest.xml:160:25-84
action#android.intent.action.ACTION_POWER_DISCONNECTED
ADDED from src\main\AndroidManifest.xml:161:17-90
	android:name
		ADDED from src\main\AndroidManifest.xml:161:25-87
intent-filter#android.intent.action.PACKAGE_REMOVED
ADDED from src\main\AndroidManifest.xml:163:13-167:29
action#android.intent.action.PACKAGE_REMOVED
ADDED from src\main\AndroidManifest.xml:164:17-80
	android:name
		ADDED from src\main\AndroidManifest.xml:164:25-77
activity#io.rong.imkit.tools.SelectPictureActivity
ADDED from src\main\AndroidManifest.xml:170:9-172:52
	android:screenOrientation
		ADDED from src\main\AndroidManifest.xml:172:13-49
	android:name
		ADDED from src\main\AndroidManifest.xml:171:13-69
activity#io.rong.imkit.tools.PreviewPictureActivity
ADDED from src\main\AndroidManifest.xml:173:9-175:52
	android:screenOrientation
		ADDED from src\main\AndroidManifest.xml:175:13-49
	android:name
		ADDED from src\main\AndroidManifest.xml:174:13-70
activity#io.rong.imkit.tools.RongWebviewActivity
ADDED from src\main\AndroidManifest.xml:176:9-178:52
	android:screenOrientation
		ADDED from src\main\AndroidManifest.xml:178:13-49
	android:name
		ADDED from src\main\AndroidManifest.xml:177:13-67
activity#io.rong.imkit.widget.provider.TakingPicturesActivity
ADDED from src\main\AndroidManifest.xml:179:9-182:52
	android:screenOrientation
		ADDED from src\main\AndroidManifest.xml:182:13-49
	android:configChanges
		ADDED from src\main\AndroidManifest.xml:181:13-63
	android:name
		ADDED from src\main\AndroidManifest.xml:180:13-80
service#io.rong.imlib.ipc.RongService
ADDED from src\main\AndroidManifest.xml:184:9-186:46
	android:process
		ADDED from src\main\AndroidManifest.xml:186:13-35
	android:name
		ADDED from src\main\AndroidManifest.xml:185:13-57
service#io.rong.imlib.ReConnectService
ADDED from src\main\AndroidManifest.xml:187:9-66
	android:name
		ADDED from src\main\AndroidManifest.xml:187:18-63
receiver#io.rong.imlib.ConnectChangeReceiver
ADDED from src\main\AndroidManifest.xml:189:9-72
	android:name
		ADDED from src\main\AndroidManifest.xml:189:19-69
receiver#io.rong.imlib.ipc.PushMessageReceiver
ADDED from src\main\AndroidManifest.xml:190:9-194:20
	android:name
		ADDED from src\main\AndroidManifest.xml:190:19-71
intent-filter#io.rong.push.message
ADDED from src\main\AndroidManifest.xml:191:13-193:29
action#io.rong.push.message
ADDED from src\main\AndroidManifest.xml:192:17-63
	android:name
		ADDED from src\main\AndroidManifest.xml:192:25-60
receiver#io.rong.imlib.HeartbeatReceiver
ADDED from src\main\AndroidManifest.xml:195:9-197:38
	android:process
		ADDED from src\main\AndroidManifest.xml:197:13-35
	android:name
		ADDED from src\main\AndroidManifest.xml:196:13-59
meta-data#RONG_CLOUD_APP_KEY
ADDED from src\main\AndroidManifest.xml:199:9-201:45
	android:value
		ADDED from src\main\AndroidManifest.xml:201:13-42
	android:name
		ADDED from src\main\AndroidManifest.xml:200:13-46
service#cn.bmob.push.lib.service.PushService
ADDED from src\main\AndroidManifest.xml:210:9-219:19
	android:process
		ADDED from src\main\AndroidManifest.xml:215:13-43
	android:label
		ADDED from src\main\AndroidManifest.xml:213:13-40
	android:exported
		ADDED from src\main\AndroidManifest.xml:212:13-36
	android:permission
		ADDED from src\main\AndroidManifest.xml:214:13-57
	android:name
		ADDED from src\main\AndroidManifest.xml:211:13-64
intent-filter#cn.bmob.push.lib.service.PushService
ADDED from src\main\AndroidManifest.xml:216:13-218:29
action#cn.bmob.push.lib.service.PushService
ADDED from src\main\AndroidManifest.xml:217:17-79
	android:name
		ADDED from src\main\AndroidManifest.xml:217:25-76
receiver#cn.bmob.push.PushReceiver
ADDED from src\main\AndroidManifest.xml:221:9-230:20
	android:name
		ADDED from src\main\AndroidManifest.xml:221:19-59
intent-filter#android.intent.action.BOOT_COMPLETED+android.intent.action.USER_PRESENT+android.net.conn.CONNECTIVITY_CHANGE
ADDED from src\main\AndroidManifest.xml:222:13-229:29
	android:priority
		ADDED from src\main\AndroidManifest.xml:222:28-57
receiver#com.lyy.hitogether.MyMessageReceiver
ADDED from src\main\AndroidManifest.xml:232:9-236:20
	android:name
		ADDED from src\main\AndroidManifest.xml:232:19-52
intent-filter#cn.bmob.push.action.MESSAGE
ADDED from src\main\AndroidManifest.xml:233:13-235:29
action#cn.bmob.push.action.MESSAGE
ADDED from src\main\AndroidManifest.xml:234:17-70
	android:name
		ADDED from src\main\AndroidManifest.xml:234:25-67
service#cn.bmob.im.poll.BmobPollService
ADDED from src\main\AndroidManifest.xml:242:9-246:19
	android:name
		ADDED from src\main\AndroidManifest.xml:242:18-64
intent-filter#cn.bmob.im.service.BmobPollService
ADDED from src\main\AndroidManifest.xml:243:13-245:29
action#cn.bmob.im.service.BmobPollService
ADDED from src\main\AndroidManifest.xml:244:17-77
	android:name
		ADDED from src\main\AndroidManifest.xml:244:25-74
activity#com.lyy.hitogether.activity.ConversationActivity
ADDED from src\main\AndroidManifest.xml:249:9-263:20
	android:screenOrientation
		ADDED from src\main\AndroidManifest.xml:251:13-49
	android:windowSoftInputMode
		ADDED from src\main\AndroidManifest.xml:252:13-67
	android:name
		ADDED from src\main\AndroidManifest.xml:250:13-76
activity#com.lyy.hitogether.activity.SubConversationListActivtiy
ADDED from src\main\AndroidManifest.xml:264:9-278:20
	android:screenOrientation
		ADDED from src\main\AndroidManifest.xml:266:13-49
	android:windowSoftInputMode
		ADDED from src\main\AndroidManifest.xml:267:13-67
	android:name
		ADDED from src\main\AndroidManifest.xml:265:13-83
activity#com.lyy.hitogether.activity.GroupActivity
ADDED from src\main\AndroidManifest.xml:279:9-69
	android:name
		ADDED from src\main\AndroidManifest.xml:279:19-57
activity#com.lyy.hitogether.activity.RegisterActivityGetNumber
ADDED from src\main\AndroidManifest.xml:280:9-81
	android:name
		ADDED from src\main\AndroidManifest.xml:280:19-69
activity#com.lyy.hitogether.activity.RegisterActivityVerifyCode
ADDED from src\main\AndroidManifest.xml:281:9-82
	android:name
		ADDED from src\main\AndroidManifest.xml:281:19-70
meta-data#BMOB_CHANNEL
ADDED from src\main\AndroidManifest.xml:284:9-286:49
	android:value
		ADDED from src\main\AndroidManifest.xml:286:13-46
	android:name
		ADDED from src\main\AndroidManifest.xml:285:13-40
activity#cn.bmob.v3.update.UpdateDialogActivity
ADDED from src\main\AndroidManifest.xml:288:9-290:84
	android:theme
		ADDED from src\main\AndroidManifest.xml:290:13-72
	android:name
		ADDED from src\main\AndroidManifest.xml:289:13-66
activity#com.mob.tools.MobUIShell
ADDED from src\main\AndroidManifest.xml:294:9-308:20
	android:screenOrientation
		ADDED from src\main\AndroidManifest.xml:297:13-49
	android:windowSoftInputMode
		ADDED from src\main\AndroidManifest.xml:299:13-67
	android:configChanges
		ADDED from src\main\AndroidManifest.xml:296:13-74
	android:theme
		ADDED from src\main\AndroidManifest.xml:298:13-72
	android:name
		ADDED from src\main\AndroidManifest.xml:295:13-52
intent-filter#android.intent.action.VIEW+android.intent.category.BROWSABLE+android.intent.category.DEFAULT
ADDED from src\main\AndroidManifest.xml:300:13-307:29
category#android.intent.category.BROWSABLE
ADDED from src\main\AndroidManifest.xml:305:17-78
	android:name
		ADDED from src\main\AndroidManifest.xml:305:27-75
activity#com.lyy.hitogether.wxapi.WXEntryActivity
ADDED from src\main\AndroidManifest.xml:310:9-315:75
	android:screenOrientation
		ADDED from src\main\AndroidManifest.xml:314:13-49
	android:exported
		ADDED from src\main\AndroidManifest.xml:313:13-36
	android:configChanges
		ADDED from src\main\AndroidManifest.xml:312:13-74
	android:theme
		ADDED from src\main\AndroidManifest.xml:315:13-72
	android:name
		ADDED from src\main\AndroidManifest.xml:311:13-50
activity#cn.sharesdk.sina.weibo.SinaActivity
ADDED from src\main\AndroidManifest.xml:317:9-325:20
	android:theme
		ADDED from src\main\AndroidManifest.xml:319:13-72
	android:name
		ADDED from src\main\AndroidManifest.xml:318:13-63
intent-filter#android.intent.category.DEFAULT+com.sina.weibo.sdk.action.ACTION_SDK_REQ_ACTIVITY
ADDED from src\main\AndroidManifest.xml:320:13-324:29
action#com.sina.weibo.sdk.action.ACTION_SDK_REQ_ACTIVITY
ADDED from src\main\AndroidManifest.xml:321:17-92
	android:name
		ADDED from src\main\AndroidManifest.xml:321:25-89
supports-screens
ADDED from [HiTogether:socialization:unspecified] AndroidManifest.xml:11:5-16:39
	android:largeScreens
		ADDED from [HiTogether:socialization:unspecified] AndroidManifest.xml:13:9-36
	android:smallScreens
		ADDED from [HiTogether:socialization:unspecified] AndroidManifest.xml:16:9-36
	android:normalScreens
		ADDED from [HiTogether:socialization:unspecified] AndroidManifest.xml:14:9-37
	android:resizeable
		ADDED from [HiTogether:socialization:unspecified] AndroidManifest.xml:15:9-34
	android:anyDensity
		ADDED from [HiTogether:socialization:unspecified] AndroidManifest.xml:12:9-34